101000101000000000101000101000000000000000000000000000101000101000000000101000101
010000010000000000010000010000000000000000000000000000010000010000000000010000010
101000101000000000101000101000000000000000000000000000101000101000000000101000101
000101000000000000000101000000000000000000000000000000000101000000000000000101000
000010000000000000000010000000000000000000000000000000000010000000000000000010000
000101000000000000000101000000000000000000000000000000000101000000000000000101000
101000101000000000101000101000000000000000000000000000101000101000000000101000101
010000010000000000010000010000000000000000000000000000010000010000000000010000010
101000101000000000101000101000000000000000000000000000101000101000000000101000101
000000000101000101000000000000000000000000000000000000000000000101000101000000000
000000000010000010000000000000000000000000000000000000000000000010000010000000000
000000000101000101000000000000000000000000000000000000000000000101000101000000000
000000000000101000000000000000000000000000000000000000000000000000101000000000000
000000000000010000000000000000000000000000000000000000000000000000010000000000000
000000000000101000000000000000000000000000000000000000000000000000101000000000000
000000000101000101000000000000000000000000000000000000000000000101000101000000000
000000000010000010000000000000000000000000000000000000000000000010000010000000000
000000000101000101000000000000000000000000000000000000000000000101000101000000000
101000101000000000101000101000000000000000000000000000101000101000000000101000101
010000010000000000010000010000000000000000000000000000010000010000000000010000010
101000101000000000101000101000000000000000000000000000101000101000000000101000101
000101000000000000000101000000000000000000000000000000000101000000000000000101000
000010000000000000000010000000000000000000000000000000000010000000000000000010000
000101000000000000000101000000000000000000000000000000000101000000000000000101000
101000101000000000101000101000000000000000000000000000101000101000000000101000101
010000010000000000010000010000000000000000000000000000010000010000000000010000010
101000101000000000101000101000000000000000000000000000101000101000000000101000101
000000000000000000000000000101000101000000000101000101000000000000000000000000000
000000000000000000000000000010000010000000000010000010000000000000000000000000000
000000000000000000000000000101000101000000000101000101000000000000000000000000000
000000000000000000000000000000101000000000000000101000000000000000000000000000000
000000000000000000000000000000010000000000000000010000000000000000000000000000000
000000000000000000000000000000101000000000000000101000000000000000000000000000000
000000000000000000000000000101000101000000000101000101000000000000000000000000000
000000000000000000000000000010000010000000000010000010000000000000000000000000000
000000000000000000000000000101000101000000000101000101000000000000000000000000000
000000000000000000000000000000000000101000101000000000000000000000000000000000000
000000000000000000000000000000000000010000010000000000000000000000000000000000000
000000000000000000000000000000000000101000101000000000000000000000000000000000000
000000000000000000000000000000000000000101000000000000000000000000000000000000000
000000000000000000000000000000000000000010000000000000000000000000000000000000000
000000000000000000000000000000000000000101000000000000000000000000000000000000000
000000000000000000000000000000000000101000101000000000000000000000000000000000000
000000000000000000000000000000000000010000010000000000000000000000000000000000000
000000000000000000000000000000000000101000101000000000000000000000000000000000000
000000000000000000000000000101000101000000000101000101000000000000000000000000000
000000000000000000000000000010000010000000000010000010000000000000000000000000000
000000000000000000000000000101000101000000000101000101000000000000000000000000000
000000000000000000000000000000101000000000000000101000000000000000000000000000000
000000000000000000000000000000010000000000000000010000000000000000000000000000000
000000000000000000000000000000101000000000000000101000000000000000000000000000000
000000000000000000000000000101000101000000000101000101000000000000000000000000000
000000000000000000000000000010000010000000000010000010000000000000000000000000000
000000000000000000000000000101000101000000000101000101000000000000000000000000000
101000101000000000101000101000000000000000000000000000101000101000000000101000101
010000010000000000010000010000000000000000000000000000010000010000000000010000010
101000101000000000101000101000000000000000000000000000101000101000000000101000101
000101000000000000000101000000000000000000000000000000000101000000000000000101000
000010000000000000000010000000000000000000000000000000000010000000000000000010000
000101000000000000000101000000000000000000000000000000000101000000000000000101000
101000101000000000101000101000000000000000000000000000101000101000000000101000101
010000010000000000010000010000000000000000000000000000010000010000000000010000010
101000101000000000101000101000000000000000000000000000101000101000000000101000101
000000000101000101000000000000000000000000000000000000000000000101000101000000000
000000000010000010000000000000000000000000000000000000000000000010000010000000000
000000000101000101000000000000000000000000000000000000000000000101000101000000000
000000000000101000000000000000000000000000000000000000000000000000101000000000000
000000000000010000000000000000000000000000000000000000000000000000010000000000000
000000000000101000000000000000000000000000000000000000000000000000101000000000000
000000000101000101000000000000000000000000000000000000000000000101000101000000000
000000000010000010000000000000000000000000000000000000000000000010000010000000000
000000000101000101000000000000000000000000000000000000000000000101000101000000000
101000101000000000101000101000000000000000000000000000101000101000000000101000101
010000010000000000010000010000000000000000000000000000010000010000000000010000010
101000101000000000101000101000000000000000000000000000101000101000000000101000101
000101000000000000000101000000000000000000000000000000000101000000000000000101000
000010000000000000000010000000000000000000000000000000000010000000000000000010000
000101000000000000000101000000000000000000000000000000000101000000000000000101000
101000101000000000101000101000000000000000000000000000101000101000000000101000101
010000010000000000010000010000000000000000000000000000010000010000000000010000010
101000101000000000101000101000000000000000000000000000101000101000000000101000101
