Case #1: 
1
0 2
1
1
2 1
1
3 2
1
4 1
1
5 2
1
6 0
1
7 1
pos: 1
FFT 3/1
Case #2: 
1
1
1 3
1
2 1
1
1
4 1
1
1
6 0
1
7 1
pos: 3
FFT 2/1
Case #3: 
14
0 3
14
21
14
2 4
14
3 3
14
4 4
14
5 3
14
6 5
14
7 4
14
8 4
14
9 3
14
10 5
14
11 4
14
12 5
14
13 4
14
14 6
14
15 5
14
21
14
17 1
14
18 3
14
21
14
20 3
14
21
21 6
14
22 4
14
23 3
14
24 3
14
21
14
26 4
14
27 3
14
28 4
14
29 3
14
30 5
14
31 4
14
21
32 2
14
33 1
14
34 3
14
21
35 2
14
36 3
14
21
14
38 4
14
39 3
14
40 3
14
21
41 2
14
42 4
14
43 3
14
44 4
14
45 3
14
46 5
14
47 4
14
48 1
14
49 0
14
21
50 2
14
51 1
14
21
14
53 1
14
54 3
14
21
14
21
56 2
14
57 1
14
58 3
14
21
59 2
14
60 3
14
21
14
62 4
14
63 3
pos: 8
TTFTFT 4/1
Case #4: 
0
0 2
0
3
0
3
0
3 0
pos: 2
TT 1/1
