0
0
2
2
0
0
3
3
0
0
4
4
0
0
5
5
0
0
6
112
0
0
7
8
0
0
9
9
0
0
10
10
0
0
11
11
0
0
12
12
0
0
13
14
0
0
14
15
0
0
16
16
0
0
17
17
0
0
18
18
0
0
19
19
0
0
20
21
0
0
21
22
0
0
23
23
0
0
24
24
0
0
25
25
0
0
26
26
0
0
27
28
0
0
28
29
0
0
30
30
0
0
31
31
0
0
32
32
0
0
33
33
0
0
34
35
0
0
4116
36
0
0
37
37
0
0
38
38
0
0
39
39
0
0
40
40
0
0
41
42
0
0
43
43
0
0
44
44
0
0
45
45
0
0
46
46
0
0
47
48
0
0
48
49
0
0
50
50
0
0
51
51
0
0
52
52
0
0
53
53
0
0
54
55
0
0
55
56
0
0
57
57
0
0
58
58
0
0
59
59
0
0
60
60
0
0
61
62
0
0
62
63
0
0
64
64
0
0
65
65
0
0
66
66
0
0
67
67
0
0
68
69
0
0
69
70
0
0
71
71
0
0
72
72
0
0
73
73
0
0
74
74
0
0
75
76
0
0
77
77
0
0
78
78
0
0
79
79
0
0
80
80
0
0
81
81
0
0
82
83
0
0
84
84
0
0
85
85
0
0
86
86
0
0
87
87
0
0
88
89
0
0
89
90
0
0
91
91
0
0
92
92
0
0
93
93
0
0
94
94
0
0
95
96
0
0
96
97
0
0
98
98
0
0
99
99
0
0
100
100
0
0
101
101
0
0
102
103
0
0
103
104
0
0
105
105
0
0
106
106
0
0
107
107
0
0
108
108
0
0
109
110
0
0
110
111
0
0
112
112
0
0
113
113
0
0
114
114
0
0
115
115
0
0
116
117
0
0
118
118
0
0
119
119
0
0
120
120
0
0
121
121
0
0
122
122
0
0
123
124
0
0
125
125
0
0
126
126
0
0
127
127
0
0
128
128
0
0
129
130
0
0
130
131
0
0
132
132
0
0
133
133
0
0
134
134
0
0
135
135
0
0
136
137
0
0
137
138
0
0
139
139
0
0
140
140
0
0
141
141
0
0
142
142
0
0
143
144
0
0
144
145
0
0
146
146
0
0
147
147
0
0
148
148
0
0
149
149
0
0
150
151
0
0
151
152
0
0
153
153
0
0
154
154
0
0
155
155
0
0
156
156
0
0
157
158
0
0
159
159
0
0
160
160
0
0
161
161
0
0
162
162
0
0
163
163
0
0
164
165
0
0
166
166
0
0
167
167
0
0
168
168
0
0
169
169
0
0
170
171
0
0
171
172
0
0
173
173
0
0
174
174
0
0
175
175
0
0
176
176
0
0
177
178
0
0
178
179
0
0
180
180
0
0
181
181
0
0
182
182
0
0
183
183
0
0
184
185
0
0
185
186
0
0
187
187
0
0
188
188
0
0
189
189
0
0
190
190
0
0
191
192
0
0
192
193
0
0
194
194
0
0
195
195
0
0
196
196
0
0
197
197
0
0
198
199
0
0
200
200
0
0
201
201
0
0
202
202
0
0
203
203
0
0
204
141696
0
0
205
206
0
0
207
207
0
0
208
208
0
0
209
209
0
0
210
210
0
0
211
212
0
0
212
213
0
0
214
214
0
0
215
215
0
0
216
216
0
0
217
217
0
0
218
219
0
0
219
220
0
0
221
221
0
0
222
222
0
0
223
223
0
0
224
224
0
0
225
226
0
0
226
227
0
0
228
228
0
0
229
229
0
0
230
230
0
0
231
231
0
0
232
233
0
0
233
234
0
0
235
235
0
0
236
236
0
0
237
237
0
0
238
238
0
0
239
240
0
0
241
241
0
0
242
242
0
0
243
243
0
0
244
244
0
0
245
246
0
0
246
247
0
0
248
248
0
0
249
249
0
0
250
250
0
0
251
251
0
0
252
253
0
0
253
254
0
0
255
255
0
0
256
256
0
0
257
257
0
0
258
258
0
0
259
260
0
0
260
261
0
0
262
262
0
0
263
263
0
0
264
264
0
0
265
265
0
0
266
267
0
0
267
268
0
0
269
269
0
0
270
270
0
0
271
271
0
0
272
272
0
0
273
274
0
0
275
275
0
0
276
276
0
0
277
277
0
0
278
278
0
0
279
279
0
0
280
281
0
0
282
282
0
0
283
283
0
0
284
284
0
0
285
285
0
0
286
287
0
0
287
288
0
0
289
289
0
0
290
290
0
0
291
291
0
0
292
292
0
0
293
294
