50000000000000
7 50000000000000
6 50000000000000
5 50000000000000
4 50000000000000
3 50000000000000
2 50000000000000
1 50000000000000
0 50000000000000
-1 50000000000000
-1 49999999999999
0 49999999999998
-1 49999999999998
-1 49999999999997
1 49999999999997
0 49999999999997
-1 49999999999997
-1 49999999999996
0 49999999999995
-1 49999999999995
-1 49999999999994
2 49999999999996
1 49999999999996
0 49999999999996
-1 49999999999996
-1 49999999999995
24999999999999
7 24999999999999
6 24999999999999
5 24999999999999
4 24999999999999
3 24999999999999
2 24999999999999
1 24999999999999
0 24999999999999
-1 24999999999999
-1 24999999999998
0 24999999999997
-1 24999999999997
-1 24999999999996
1 24999999999996
0 24999999999996
-1 24999999999996
-1 24999999999995
0 24999999999994
-1 24999999999994
-1 24999999999993
2 24999999999995
1 24999999999995
0 24999999999995
-1 24999999999995
-1 24999999999994
12499999999999
7 12499999999999
6 12499999999999
5 12499999999999
4 12499999999999
3 12499999999999
2 12499999999999
1 12499999999999
0 12499999999999
-1 12499999999999
-1 12499999999998
0 12499999999997
-1 12499999999997
-1 12499999999996
1 12499999999996
0 12499999999996
-1 12499999999996
-1 12499999999995
0 12499999999994
-1 12499999999994
-1 12499999999993
2 12499999999995
1 12499999999995
0 12499999999995
-1 12499999999995
-1 12499999999994
6249999999999
7 6249999999999
6 6249999999999
5 6249999999999
4 6249999999999
3 6249999999999
2 6249999999999
1 6249999999999
0 6249999999999
-1 6249999999999
-1 6249999999998
0 6249999999997
-1 6249999999997
-1 6249999999996
1 6249999999996
0 6249999999996
-1 6249999999996
-1 6249999999995
0 6249999999994
-1 6249999999994
-1 6249999999993
2 6249999999995
1 6249999999995
0 6249999999995
-1 6249999999995
-1 6249999999994
3124999999999
7 3124999999999
6 3124999999999
5 3124999999999
4 3124999999999
3 3124999999999
2 3124999999999
1 3124999999999
0 3124999999999
-1 3124999999999
-1 3124999999998
0 3124999999997
-1 3124999999997
-1 3124999999996
1 3124999999996
0 3124999999996
-1 3124999999996
-1 3124999999995
0 3124999999994
-1 3124999999994
-1 3124999999993
2 3124999999995
1 3124999999995
0 3124999999995
-1 3124999999995
-1 3124999999994
1562499999999
7 1562499999999
6 1562499999999
5 1562499999999
4 1562499999999
3 1562499999999
2 1562499999999
1 1562499999999
0 1562499999999
-1 1562499999999
-1 1562499999998
0 1562499999997
-1 1562499999997
-1 1562499999996
1 1562499999996
0 1562499999996
-1 1562499999996
-1 1562499999995
0 1562499999994
-1 1562499999994
-1 1562499999993
2 1562499999995
1 1562499999995
0 1562499999995
-1 1562499999995
-1 1562499999994
781249999999
7 781249999999
6 781249999999
5 781249999999
4 781249999999
3 781249999999
2 781249999999
1 781249999999
0 781249999999
-1 781249999999
-1 781249999998
0 781249999997
-1 781249999997
-1 781249999996
1 781249999996
0 781249999996
-1 781249999996
-1 781249999995
0 781249999994
-1 781249999994
-1 781249999993
2 781249999995
1 781249999995
0 781249999995
-1 781249999995
-1 781249999994
390624999999
7 390624999999
6 390624999999
5 390624999999
4 390624999999
3 390624999999
2 390624999999
1 390624999999
0 390624999999
-1 390624999999
-1 390624999998
0 390624999997
-1 390624999997
-1 390624999996
1 390624999996
0 390624999996
-1 390624999996
-1 390624999995
0 390624999994
-1 390624999994
-1 390624999993
2 390624999995
1 390624999995
0 390624999995
-1 390624999995
-1 390624999994
195312499999
7 195312499999
6 195312499999
5 195312499999
4 195312499999
3 195312499999
2 195312499999
1 195312499999
0 195312499999
-1 195312499999
-1 195312499998
0 195312499997
-1 195312499997
-1 195312499996
1 195312499996
0 195312499996
-1 195312499996
-1 195312499995
0 195312499994
-1 195312499994
-1 195312499993
2 195312499995
1 195312499995
0 195312499995
-1 195312499995
-1 195312499994
97656249999
7 97656249999
6 97656249999
5 97656249999
4 97656249999
3 97656249999
2 97656249999
1 97656249999
0 97656249999
-1 97656249999
-1 97656249998
0 97656249997
-1 97656249997
-1 97656249996
1 97656249996
0 97656249996
-1 97656249996
-1 97656249995
0 97656249994
-1 97656249994
-1 97656249993
2 97656249995
1 97656249995
0 97656249995
-1 97656249995
-1 97656249994
48828124999
7 48828124999
6 48828124999
5 48828124999
4 48828124999
3 48828124999
2 48828124999
1 48828124999
0 48828124999
-1 48828124999
-1 48828124998
0 48828124997
-1 48828124997
-1 48828124996
1 48828124996
0 48828124996
-1 48828124996
-1 48828124995
0 48828124994
-1 48828124994
-1 48828124993
2 48828124995
1 48828124995
0 48828124995
-1 48828124995
-1 48828124994
24414062499
7 24414062499
6 24414062499
5 24414062499
4 24414062499
3 24414062499
2 24414062499
1 24414062499
0 24414062499
-1 24414062499
-1 24414062498
0 24414062497
-1 24414062497
-1 24414062496
1 24414062496
0 24414062496
-1 24414062496
-1 24414062495
0 24414062494
-1 24414062494
-1 24414062493
2 24414062495
1 24414062495
0 24414062495
-1 24414062495
-1 24414062494
12207031249
7 12207031249
6 12207031249
5 12207031249
4 12207031249
3 12207031249
2 12207031249
1 12207031249
0 12207031249
-1 12207031249
-1 12207031248
0 12207031247
-1 12207031247
-1 12207031246
1 12207031246
0 12207031246
-1 12207031246
-1 12207031245
0 12207031244
-1 12207031244
-1 12207031243
2 12207031245
1 12207031245
0 12207031245
-1 12207031245
-1 12207031244
6103515624
7 6103515624
6 6103515624
5 6103515624
4 6103515624
3 6103515624
2 6103515624
1 6103515624
0 6103515624
-1 6103515624
-1 6103515623
0 6103515622
-1 6103515622
-1 6103515621
1 6103515621
0 6103515621
-1 6103515621
-1 6103515620
0 6103515619
-1 6103515619
-1 6103515618
2 6103515620
1 6103515620
0 6103515620
-1 6103515620
-1 6103515619
3051757811
7 3051757811
6 3051757811
5 3051757811
4 3051757811
3 3051757811
2 3051757811
1 3051757811
0 3051757811
-1 3051757811
-1 3051757810
0 3051757809
-1 3051757809
-1 3051757808
1 3051757808
0 3051757808
-1 3051757808
-1 3051757807
0 3051757806
-1 3051757806
-1 3051757805
2 3051757807
1 3051757807
0 3051757807
-1 3051757807
-1 3051757806
1525878905
7 1525878905
6 1525878905
5 1525878905
4 1525878905
3 1525878905
2 1525878905
1 1525878905
0 1525878905
-1 1525878905
-1 1525878904
0 1525878903
-1 1525878903
-1 1525878902
1 1525878902
0 1525878902
-1 1525878902
-1 1525878901
0 1525878900
-1 1525878900
-1 1525878899
2 1525878901
1 1525878901
0 1525878901
-1 1525878901
-1 1525878900
762939452
7 762939452
6 762939452
5 762939452
4 762939452
3 762939452
2 762939452
1 762939452
0 762939452
-1 762939452
-1 762939451
0 762939450
-1 762939450
-1 762939449
1 762939449
0 762939449
-1 762939449
-1 762939448
0 762939447
-1 762939447
-1 762939446
2 762939448
1 762939448
0 762939448
-1 762939448
-1 762939447
381469725
7 381469725
6 381469725
5 381469725
4 381469725
3 381469725
2 381469725
1 381469725
0 381469725
-1 381469725
-1 381469724
0 381469723
-1 381469723
-1 381469722
1 381469722
0 381469722
-1 381469722
-1 381469721
0 381469720
-1 381469720
-1 381469719
2 381469721
1 381469721
0 381469721
-1 381469721
-1 381469720
190734862
7 190734862
6 190734862
5 190734862
4 190734862
3 190734862
2 190734862
1 190734862
0 190734862
-1 190734862
-1 190734861
0 190734860
-1 190734860
-1 190734859
1 190734859
0 190734859
-1 190734859
-1 190734858
0 190734857
-1 190734857
-1 190734856
2 190734858
1 190734858
0 190734858
-1 190734858
-1 190734857
95367430
7 95367430
6 95367430
5 95367430
4 95367430
3 95367430
2 95367430
1 95367430
0 95367430
-1 95367430
-1 95367429
0 95367428
-1 95367428
-1 95367427
1 95367427
0 95367427
-1 95367427
-1 95367426
0 95367425
-1 95367425
-1 95367424
2 95367426
1 95367426
0 95367426
-1 95367426
-1 95367425
47683714
7 47683714
6 47683714
5 47683714
4 47683714
3 47683714
2 47683714
1 47683714
0 47683714
-1 47683714
-1 47683713
0 47683712
-1 47683712
-1 47683711
1 47683711
0 47683711
-1 47683711
-1 47683710
0 47683709
-1 47683709
-1 47683708
2 47683710
1 47683710
0 47683710
-1 47683710
-1 47683709
23841856
7 23841856
6 23841856
5 23841856
4 23841856
3 23841856
2 23841856
1 23841856
0 23841856
-1 23841856
-1 23841855
0 23841854
-1 23841854
-1 23841853
1 23841853
0 23841853
-1 23841853
-1 23841852
0 23841851
-1 23841851
-1 23841850
2 23841852
1 23841852
0 23841852
-1 23841852
-1 23841851
11920927
7 11920927
6 11920927
5 11920927
4 11920927
3 11920927
2 11920927
1 11920927
0 11920927
-1 11920927
-1 11920926
0 11920925
-1 11920925
-1 11920924
1 11920924
0 11920924
-1 11920924
-1 11920923
0 11920922
-1 11920922
-1 11920921
2 11920923
1 11920923
0 11920923
-1 11920923
-1 11920922
5960463
7 5960463
6 5960463
5 5960463
4 5960463
3 5960463
2 5960463
1 5960463
0 5960463
-1 5960463
-1 5960462
0 5960461
-1 5960461
-1 5960460
1 5960460
0 5960460
-1 5960460
-1 5960459
0 5960458
-1 5960458
-1 5960457
2 5960459
1 5960459
0 5960459
-1 5960459
-1 5960458
2980231
7 2980231
6 2980231
5 2980231
4 2980231
3 2980231
2 2980231
1 2980231
0 2980231
-1 2980231
-1 2980230
0 2980229
-1 2980229
-1 2980228
1 2980228
0 2980228
-1 2980228
-1 2980227
0 2980226
-1 2980226
-1 2980225
2 2980227
1 2980227
0 2980227
-1 2980227
-1 2980226
1490115
7 1490115
6 1490115
5 1490115
4 1490115
3 1490115
2 1490115
1 1490115
0 1490115
-1 1490115
-1 1490114
0 1490113
-1 1490113
-1 1490112
1 1490112
0 1490112
-1 1490112
-1 1490111
0 1490110
-1 1490110
-1 1490109
2 1490111
1 1490111
0 1490111
-1 1490111
-1 1490110
745057
7 745057
6 745057
5 745057
4 745057
3 745057
2 745057
1 745057
0 745057
-1 745057
-1 745056
0 745055
-1 745055
-1 745054
1 745054
0 745054
-1 745054
-1 745053
0 745052
-1 745052
-1 745051
2 745053
1 745053
0 745053
-1 745053
-1 745052
372528
7 372528
6 372528
5 372528
4 372528
3 372528
2 372528
1 372528
0 372528
-1 372528
-1 372527
0 372526
-1 372526
-1 372525
1 372525
0 372525
-1 372525
-1 372524
0 372523
-1 372523
-1 372522
2 372524
1 372524
0 372524
-1 372524
-1 372523
186263
7 186263
6 186263
5 186263
4 186263
3 186263
2 186263
1 186263
0 186263
-1 186263
-1 186262
0 186261
-1 186261
-1 186260
1 186260
0 186260
-1 186260
-1 186259
0 186258
-1 186258
-1 186257
2 186259
1 186259
0 186259
-1 186259
-1 186258
93131
7 93131
6 93131
5 93131
4 93131
3 93131
2 93131
1 93131
0 93131
-1 93131
-1 93130
0 93129
-1 93129
-1 93128
1 93128
0 93128
-1 93128
-1 93127
0 93126
-1 93126
-1 93125
2 93127
1 93127
0 93127
-1 93127
-1 93126
46565
7 46565
6 46565
5 46565
4 46565
3 46565
2 46565
1 46565
0 46565
-1 46565
-1 46564
0 46563
-1 46563
-1 46562
1 46562
0 46562
-1 46562
-1 46561
0 46560
-1 46560
-1 46559
2 46561
1 46561
0 46561
-1 46561
-1 46560
23282
7 23282
6 23282
5 23282
4 23282
3 23282
2 23282
1 23282
0 23282
-1 23282
-1 23281
0 23280
-1 23280
-1 23279
1 23279
0 23279
-1 23279
-1 23278
0 23277
-1 23277
-1 23276
2 23278
1 23278
0 23278
-1 23278
-1 23277
11640
7 11640
6 11640
5 11640
4 11640
3 11640
2 11640
1 11640
0 11640
-1 11640
-1 11639
0 11638
-1 11638
-1 11637
1 11637
0 11637
-1 11637
-1 11636
0 11635
-1 11635
-1 11634
2 11636
1 11636
0 11636
-1 11636
-1 11635
5819
7 5819
6 5819
5 5819
4 5819
3 5819
2 5819
1 5819
0 5819
-1 5819
-1 5818
0 5817
-1 5817
-1 5816
1 5816
0 5816
-1 5816
-1 5815
0 5814
-1 5814
-1 5813
2 5815
1 5815
0 5815
-1 5815
-1 5814
2909
7 2909
6 2909
5 2909
4 2909
3 2909
2 2909
1 2909
0 2909
-1 2909
-1 2908
0 2907
-1 2907
-1 2906
1 2906
0 2906
-1 2906
-1 2905
0 2904
-1 2904
-1 2903
2 2905
1 2905
0 2905
-1 2905
-1 2904
1454
7 1454
6 1454
5 1454
4 1454
3 1454
2 1454
1 1454
0 1454
-1 1454
-1 1453
0 1452
-1 1452
-1 1451
1 1451
0 1451
-1 1451
-1 1450
0 1449
-1 1449
-1 1448
2 1450
1 1450
0 1450
-1 1450
-1 1449
726
7 726
6 726
5 726
4 726
3 726
2 726
1 726
0 726
-1 726
-1 725
0 724
-1 724
-1 723
1 723
0 723
-1 723
-1 722
0 721
-1 721
-1 720
2 722
1 722
0 722
-1 722
-1 721
362
7 362
6 362
5 362
4 362
3 362
2 362
1 362
0 362
-1 362
-1 361
0 360
-1 360
-1 359
1 359
0 359
-1 359
-1 358
0 357
-1 357
-1 356
2 358
1 358
0 358
-1 358
-1 357
180
7 180
6 180
5 180
4 180
3 180
2 180
1 180
0 180
-1 180
-1 179
0 178
-1 178
-1 177
1 177
0 177
-1 177
-1 176
0 175
-1 175
-1 174
2 176
1 176
0 176
-1 176
-1 175
89
7 89
6 89
5 89
4 89
3 89
2 89
1 89
0 89
-1 89
-1 88
0 87
-1 87
-1 86
1 86
0 86
-1 86
-1 85
0 84
-1 84
-1 83
2 85
1 85
0 85
-1 85
-1 84
44
7 44
6 44
5 44
4 44
3 44
2 44
1 44
0 44
-1 44
-1 43
0 42
-1 42
-1 41
1 41
0 41
-1 41
-1 40
0 39
-1 39
-1 38
2 40
1 40
0 40
-1 40
-1 39
21
7 21
6 21
5 21
4 21
3 21
2 21
1 21
0 21
-1 21
-1 20
0 19
-1 19
-1 18
1 18
0 18
-1 18
-1 17
0 16
-1 16
-1 15
2 17
1 17
0 17
-1 17
-1 16
10
7 10
6 10
5 10
4 10
3 10
2 10
1 10
0 10
-1 10
-1 9
0 8
-1 8
-1 7
1 7
0 7
-1 7
-1 6
0 5
-1 5
-1 4
2 6
1 6
0 6
-1 6
-1 5
4
7 4
6 4
5 4
4 4
3 4
2 4
1 4
0 4
-1 4
-1 3
0 2
-1 2
-1 1
1 1
0 1
-1 1
-1 0
2 0
1 0
0 0
-1 0
5 3
4 3
3 3
2 3
1 3
0 3
-1 3
-1 2
0 1
-1 1
1
7 1
6 1
5 1
4 1
3 1
2 1
1 1
0 1
-1 1
-1 0
5 0
4 0
3 0
2 0
1 0
0 0
-1 0
2
7 2
6 2
5 2
4 2
3 2
2 2
1 2
0 2
-1 2
-1 1
0 0
-1 0
5 1
4 1
3 1
2 1
1 1
0 1
-1 1
-1 0
5 0
4 0
3 0
2 0
1 0
0 0
-1 0
3
7 3
6 3
5 3
4 3
3 3
2 3
1 3
0 3
-1 3
-1 2
0 1
-1 1
-1 0
1 0
0 0
-1 0
5 2
4 2
3 2
2 2
1 2
0 2
-1 2
-1 1
0 0
-1 0
5 1
4 1
3 1
2 1
1 1
0 1
-1 1
-1 0
20
