pre: 
0 2 7 11 13 19 21 
sum: 
0 0 5 13 19 43 53 
0 1 0
1 1 0
2 1 5
3 1 13
4 1 19
5 1 43
6 1 53
0 2 0
1 2 0
2 2 0
3 2 4
4 2 7
5 2 19
6 2 21
pre: 
0 5 9 11 17 19 21 
sum: 
0 0 4 8 26 34 44 
0 1 0
1 1 0
2 1 4
3 1 8
4 1 26
5 1 34
6 1 44
0 2 0
1 2 0
2 2 0
3 2 2
4 2 8
5 2 10
6 2 14
pre: 
0 4 6 12 14 16 21 
sum: 
0 0 2 14 20 28 53 
0 1 0
1 1 0
2 1 2
3 1 14
4 1 20
5 1 28
6 1 53
0 2 0
1 2 0
2 2 0
3 2 2
4 2 4
5 2 8
6 2 23
pre: 
0 2 8 10 12 17 21 
sum: 
0 0 6 10 16 36 56 
0 1 0
1 1 0
2 1 6
3 1 10
4 1 16
5 1 36
6 1 56
0 2 0
1 2 0
2 2 0
3 2 2
4 2 6
5 2 15
6 2 20
pre: 
0 6 8 10 15 19 21 
sum: 
0 0 2 6 21 37 47 
0 1 0
1 1 0
2 1 2
3 1 6
4 1 21
5 1 37
6 1 47
0 2 0
1 2 0
2 2 0
3 2 2
4 2 6
5 2 10
6 2 14
pre: 
0 2 4 9 13 15 21 
sum: 
0 0 2 12 24 32 62 
0 1 0
1 1 0
2 1 2
3 1 12
4 1 24
5 1 32
6 1 62
0 2 0
1 2 0
2 2 0
3 2 2
4 2 6
5 2 10
6 2 26
14
