17 14 9 8 7 6 6 2 2 1 
19 19 18 16 16 10 10 8 3 1 
0 3 1 0
0 3 2 0
0 3 3 0
0 4 1 0
0 4 2 0
0 4 3 0
0 5 1 0
0 5 2 0
0 5 3 0
0 6 1 0
0 6 2 0
0 6 3 0
0 7 1 0
0 7 2 0
0 7 3 0
0 8 1 0
0 8 2 0
0 8 3 0
0 9 1 0
0 9 2 0
0 9 3 0
1 5 1 5
1 5 2 0
1 5 3 0
1 6 1 6
1 6 2 0
1 6 3 0
1 7 1 7
1 7 2 0
1 7 3 0
1 8 1 8
1 8 2 0
1 8 3 0
1 9 1 9
1 9 2 0
1 9 3 0
2 7 1 14
2 7 2 11
2 7 3 0
2 8 1 16
2 8 2 18
2 8 3 0
2 9 1 18
2 9 2 26
2 9 3 0
3 8 1 24
3 8 2 32
3 8 3 11
3 9 1 27
3 9 2 56
3 9 3 29
4 8 1 32
4 8 2 32
4 8 3 11
4 9 1 36
4 9 2 80
4 9 3 61
5 8 1 40
5 8 2 32
5 8 3 11
5 9 1 45
5 9 2 112
5 9 3 93
6 8 1 48
6 8 2 32
6 8 3 11
6 9 1 54
6 9 2 152
6 9 3 125
7 9 1 63
7 9 2 200
7 9 3 157
8 9 1 72
8 9 2 200
8 9 3 157
157
