0: 1 10 11 
1: 0 2 11 12 
2: 1 3 12 13 
3: 2 4 13 14 
4: 3 5 14 15 
5: 4 6 15 16 
6: 5 7 16 17 
7: 6 8 17 18 
8: 7 9 18 19 
9: 8 19 
10: 0 11 20 
11: 0 1 10 12 21 20 
12: 1 2 11 13 22 21 
13: 2 3 12 14 23 22 
14: 3 4 13 15 24 23 
15: 4 5 14 16 25 24 
16: 5 6 15 17 26 25 
17: 6 7 16 18 27 26 
18: 7 8 17 19 28 27 
19: 8 9 18 29 28 
20: 10 11 21 30 31 
21: 11 12 20 22 31 32 
22: 12 13 21 23 32 33 
23: 13 14 22 24 33 34 
24: 14 15 23 25 34 35 
25: 15 16 24 26 35 36 
26: 16 17 25 27 36 37 
27: 17 18 26 28 37 38 
28: 18 19 27 29 38 39 
29: 19 28 39 
30: 20 31 40 
31: 20 21 30 32 41 40 
32: 21 22 31 33 42 41 
33: 22 23 32 34 43 42 
34: 23 24 33 35 44 43 
35: 24 25 34 36 45 44 
36: 25 26 35 37 46 45 
37: 26 27 36 38 47 46 
38: 27 28 37 39 48 47 
39: 28 29 38 49 48 
40: 30 31 41 50 51 
41: 31 32 40 42 51 52 
42: 32 33 41 43 52 53 
43: 33 34 42 44 53 54 
44: 34 35 43 45 54 55 
45: 35 36 44 46 55 56 
46: 36 37 45 47 56 57 
47: 37 38 46 48 57 58 
48: 38 39 47 49 58 59 
49: 39 48 59 
50: 40 51 
51: 40 41 50 52 
52: 41 42 51 53 
53: 42 43 52 54 
54: 43 44 53 55 
55: 44 45 54 56 
56: 45 46 55 57 
57: 46 47 56 58 
58: 47 48 57 59 
59: 48 49 58 
0 1 0 0 0 0 0 0 0 1 0 0 1 1 0 1 0 1 0 0 1 0 0 1 1 0 1 1 0 1 1 0 1 0 0 1 1 0 1 0 0 0 1 1 1 0 1 1 0 1 0 1 0 1 0 0 1 0 1 1 