diff: 
1 0 0 -1 0 0 0 0 0 
1 1 0 -1 0 0 -1 0 0 
1 1 1 -1 0 -1 -1 0 0 
0 1 1 0 0 -1 -1 0 0 
0 1 1 0 0 -1 -1 0 0 
0 1 1 0 0 -1 -1 0 0 
0 1 0 0 0 0 -1 0 0 
0 0 0 0 0 0 0 0 0 
0 0 0 0 0 0 0 0 0 

14
grid: 
0 0 0 0 0 0 0 0 0 0 
0 0 1 1 1 0 0 0 0 0 
0 0 1 -1 -1 1 1 1 0 0 
0 0 1 -1 0 -1 -1 1 0 0 
0 0 0 1 -1 -1 -1 1 0 0 
0 0 0 1 -1 -1 -1 1 0 0 
0 0 0 1 -1 -1 -1 1 0 0 
0 0 0 1 1 1 1 1 0 0 
0 0 0 0 0 0 0 0 0 0 
0 0 0 0 0 0 0 0 0 0 

lef:
0 0 3 6 6 6 6 6 
rig:
6 6 6 6 6 6 6 6 
up:
0 3 5 5 5 5 5 6 
down:
6 6 6 5 5 5 5 5 
26
