140: 18 
142: 18 139 63 243 71 146 131 289 
143: 18 18 139 63 243 71 146 131 289 
143: 18 22 155 18 139 63 243 71 146 131 289 
144: 18 18 22 155 18 139 63 243 71 146 131 289 
143: 18 40 73 139 63 243 71 146 131 289 
144: 18 18 40 73 139 63 243 71 146 131 289 
144: 18 22 155 18 40 73 139 63 243 71 146 131 289 
145: 18 18 22 155 18 40 73 139 63 243 71 146 131 289 
143: 18 201 240 243 71 146 131 289 
144: 18 18 201 240 243 71 146 131 289 
144: 18 22 155 18 201 240 243 71 146 131 289 
145: 18 18 22 155 18 201 240 243 71 146 131 289 
143: 18 139 215 289 286 194 117 123 201 240 243 71 146 131 289 
144: 18 18 139 215 289 286 194 117 123 201 240 243 71 146 131 289 
144: 18 22 155 18 139 215 289 286 194 117 123 201 240 243 71 146 131 289 
145: 18 18 22 155 18 139 215 289 286 194 117 123 201 240 243 71 146 131 289 
144: 18 40 73 139 215 289 286 194 117 123 201 240 243 71 146 131 289 
145: 18 18 40 73 139 215 289 286 194 117 123 201 240 243 71 146 131 289 
145: 18 22 155 18 40 73 139 215 289 286 194 117 123 201 240 243 71 146 131 289 
146: 18 18 22 155 18 40 73 139 215 289 286 194 117 123 201 240 243 71 146 131 289 
144: 18 22 155 270 233 285 268 215 289 286 194 117 123 201 240 243 71 146 131 289 
145: 18 18 22 155 270 233 285 268 215 289 286 194 117 123 201 240 243 71 146 131 289 
144: 18 139 63 243 270 233 285 268 215 289 286 194 117 123 201 240 243 71 146 131 289 
145: 18 18 139 63 243 270 233 285 268 215 289 286 194 117 123 201 240 243 71 146 131 289 
145: 18 22 155 18 139 63 243 270 233 285 268 215 289 286 194 117 123 201 240 243 71 146 131 289 
146: 18 18 22 155 18 139 63 243 270 233 285 268 215 289 286 194 117 123 201 240 243 71 146 131 289 
145: 18 40 73 139 63 243 270 233 285 268 215 289 286 194 117 123 201 240 243 71 146 131 289 
146: 18 18 40 73 139 63 243 270 233 285 268 215 289 286 194 117 123 201 240 243 71 146 131 289 
146: 18 22 155 18 40 73 139 63 243 270 233 285 268 215 289 286 194 117 123 201 240 243 71 146 131 289 
147: 18 18 22 155 18 40 73 139 63 243 270 233 285 268 215 289 286 194 117 123 201 240 243 71 146 131 289 
143: 18 22 155 270 233 201 240 243 71 146 131 289 
144: 18 18 22 155 270 233 201 240 243 71 146 131 289 
143: 18 139 63 243 270 233 201 240 243 71 146 131 289 
144: 18 18 139 63 243 270 233 201 240 243 71 146 131 289 
144: 18 22 155 18 139 63 243 270 233 201 240 243 71 146 131 289 
145: 18 18 22 155 18 139 63 243 270 233 201 240 243 71 146 131 289 
144: 18 40 73 139 63 243 270 233 201 240 243 71 146 131 289 
145: 18 18 40 73 139 63 243 270 233 201 240 243 71 146 131 289 
145: 18 22 155 18 40 73 139 63 243 270 233 201 240 243 71 146 131 289 
146: 18 18 22 155 18 40 73 139 63 243 270 233 201 240 243 71 146 131 289 
142: 18 22 155 146 131 289 
143: 18 18 22 155 146 131 289 
142: 18 139 63 243 146 131 289 
143: 18 18 139 63 243 146 131 289 
143: 18 22 155 18 139 63 243 146 131 289 
144: 18 18 22 155 18 139 63 243 146 131 289 
143: 18 40 73 139 63 243 146 131 289 
144: 18 18 40 73 139 63 243 146 131 289 
144: 18 22 155 18 40 73 139 63 243 146 131 289 
145: 18 18 22 155 18 40 73 139 63 243 146 131 289 
142: 18 139 215 289 
143: 18 18 139 215 289 
143: 18 22 155 18 139 215 289 
144: 18 18 22 155 18 139 215 289 
143: 18 40 73 139 215 289 
144: 18 18 40 73 139 215 289 
144: 18 22 155 18 40 73 139 215 289 
145: 18 18 22 155 18 40 73 139 215 289 
143: 18 22 155 270 233 285 268 215 289 
144: 18 18 22 155 270 233 285 268 215 289 
143: 18 139 63 243 270 233 285 268 215 289 
144: 18 18 139 63 243 270 233 285 268 215 289 
144: 18 22 155 18 139 63 243 270 233 285 268 215 289 
145: 18 18 22 155 18 139 63 243 270 233 285 268 215 289 
144: 18 40 73 139 63 243 270 233 285 268 215 289 
145: 18 18 40 73 139 63 243 270 233 285 268 215 289 
145: 18 22 155 18 40 73 139 63 243 270 233 285 268 215 289 
146: 18 18 22 155 18 40 73 139 63 243 270 233 285 268 215 289 
140
