0
0
0
0
0
0
0
0
0
0
0
0
0
0
0
0
0
0
0
0
0
0
0
0
1
1
1
1
1
1
1
1
1
2
2
2
2
2
2
3
4
4
4
3
3
3
4
3
4
5
4
4
6
6
5
5
6
7
8
9
11
11
13
13
16
17
19
18
18
17
18
17
18
20
19
22
23
22
23
26
26
25
26
26
29
29
31
32
33
33
35
34
35
37
36
38
38
39
41
40
42
42
41
42
44
43
42
48
47
47
48
47
50
55
57
58
61
62
64
63
69
71
71
73
73
72
76
77
76
77
76
75
74
76
75
74
77
79
81
80
83
82
85
87
94
96
95
94
97
97
96
95
94
98
102
104
103
103
107
109
112
218
218
224
227
226
225
224
226
225
226
225
228
227
229
231
230
231
235
239
238
237
241
240
239
238
249
251
250
253
252
253
259
258
257
256
265
277
279
283
286
285
284
284
293
292
291
291
295
294
295
294
303
302
305
305
306
305
304
303
302
301
314
313
318
323
322
326
332
336
340
339
344
343
346
345
344
343
342
355
354
353
356
356
355
359
358
371
370
369
368
367
366
371
370
369
368
367
371
370
369
369
374
373
372
371
370
369
369
368
367
369
379
384
383
382
387
386
385
388
387
386
391
396
395
465
464
463
462
461
460
459
462
461
460
468
476
479
478
477
476
480
484
496
495
500
499
650
649
648
647
646
645
644
643
642
641
640
654
653
666
665
664
663
662
661
660
664
663
662
667
666
665
664
663
662
661
660
659
658
657
656
655
654
653
652
651
650
649
654
653
652
664
663
662
661
666
665
664
669
668
667
666
665
664
663
662
661
660
659
658
657
656
655
654
653
652
651
650
649
648
647
659
658
657
656
655
654
653
652
651
650
649
648
647
646
651
650
649
648
