3 1 0 0
1 1 1 1
0 1 2 1061109567
0 0 0 1061109567
0 0 1 1061109567
0 1 0 2
0 1 1 1061109567
0 2 0 1061109567
0 2 1 1061109567
0 3 0 1061109567
0 3 1 1061109567
0 4 0 1061109567
0 4 1 1061109567
1 0 0 1061109567
1 0 1 1061109567
1 1 0 1061109567
1 1 1 1
1 2 0 1061109567
1 2 1 1061109567
1 3 0 1061109567
1 3 1 1061109567
1 4 0 1061109567
1 4 1 1061109567
2 0 0 1061109567
2 0 1 1061109567
2 1 0 1061109567
2 1 1 1061109567
2 2 0 1061109567
2 2 1 1061109567
2 3 0 1061109567
2 3 1 1061109567
2 4 0 1061109567
2 4 1 1061109567
3 0 0 1061109567
3 0 1 1061109567
3 1 0 0
3 1 1 1061109567
3 2 0 1061109567
3 2 1 1061109567
3 3 0 1061109567
3 3 1 1061109567
3 4 0 1061109567
3 4 1 1061109567
4 0 0 1061109567
4 0 1 1061109567
4 1 0 1061109567
4 1 1 1061109567
4 2 0 1061109567
4 2 1 1061109567
4 3 0 1061109567
4 3 1 1061109567
4 4 0 1061109567
4 4 1 1061109567

0 1 2 3 4 
0 4 
0 
0 4 
0 1 4 
1061109567
