0
673
1346
2019
2692
3365
4038
4711
5384
6057
6730
7403
8076
8749
9422
10095
10768
11441
12114
12787
13460
14133
14806
15479
16152
16825
17498
18171
18844
19517
20190
20863
21536
22209
22882
23555
24228
24901
25574
26247
26920
27593
28266
28939
29612
30285
30958
31631
32304
32977
33650
34323
34996
35669
36342
37015
37688
38361
39034
39707
40380
41053
41726
42399
43072
43745
44418
45091
45764
46437
47110
47783
48456
49129
49802
50475
51148
51821
52494
53167
53840
54513
55186
55859
56532
57205
57878
58551
59224
59897
60570
61243
61916
62589
63262
63935
64608
65281
65954
66627
67300
67973
68646
69319
69992
70665
71338
72011
72684
73357
74030
74703
75376
76049
76722
77395
78068
78741
79414
80087
80760
81433
82106
82779
83452
84125
84798
85471
86144
86817
87490
88163
88836
89509
90182
90855
91528
92201
92874
93547
94220
94893
95566
96239
96912
97585
98258
98931
99604
100277
100950
101623
102296
102969
103642
104315
104988
105661
106334
107007
107680
108353
109026
109699
110372
111045
111718
112391
113064
113737
114410
115083
115756
116429
117102
117775
118448
119121
119794
120467
121140
121813
122486
123159
123832
124505
125178
125851
126524
127197
127870
128543
129216
129889
130562
131235
131908
132581
133254
133927
134600
135273
135946
136619
137292
137965
138638
139311
139984
140657
141330
142003
142676
143349
144022
144695
145368
146041
146714
147387
148060
148733
149406
150079
150752
151425
152098
152771
153444
154117
154790
155463
156136
156809
157482
158155
158828
159501
160174
160847
161520
162193
162866
163539
164212
164885
165558
166231
166904
167577
168250
168923
169596
170269
170942
171615
172288
172961
173634
174307
174980
175653
176326
176999
177672
178345
179018
179691
180364
181037
181710
182383
183056
183729
184402
185075
185748
186421
187094
187767
188440
189113
189786
190459
191132
191805
192478
193151
193824
194497
195170
195843
196516
197189
197862
198535
199208
199881
200554
201227
201900
202573
203246
203919
204592
205265
205938
206611
207284
207957
208630
209303
209976
210649
211322
211995
212668
213341
214014
214687
215360
216033
216706
217379
218052
218725
219398
220071
220744
221417
222090
222763
223436
224109
224782
225455
226128
226801
227474
228147
228820
229493
230166
230839
231512
232185
232858
233531
234204
234877
235550
236223
236896
237569
238242
238915
239588
240261
240934
241607
242280
242953
243626
244299
244972
245645
246318
246991
247664
248337
249010
249683
250356
251029
251702
252375
253048
253721
254394
255067
255740
256413
257086
257759
258432
259105
259778
260451
261124
261797
262470
263143
263816
264489
265162
265835
266508
267181
267854
268527
269200
269873
270546
271219
271892
272565
273238
273911
274584
275257
275930
276603
277276
277949
278622
279295
279968
280641
281314
281987
282660
283333
284006
284679
285352
286025
286698
287371
288044
288717
289390
290063
290736
291409
292082
292755
293428
294101
294774
295447
296120
296793
297466
298139
298812
299485
300158
300831
301504
302177
302850
303523
304196
304869
305542
306215
306888
307561
308234
308907
309580
310253
310926
311599
312272
312945
313618
314291
314964
315637
316310
316983
317656
318329
319002
319675
320348
321021
321694
322367
323040
323713
324386
325059
325732
326405
327078
327751
328424
329097
329770
330443
331116
331789
332462
333135
333808
334481
335154
335827
336500
337173
337846
338519
339192
339865
340538
341211
341884
342557
343230
343903
344576
345249
345922
346595
347268
347941
348614
349287
349960
350633
351306
351979
352652
353325
353998
354671
355344
356017
356690
357363
358036
358709
359382
360055
360728
361401
362074
362747
363420
364093
364766
365439
366112
366785
367458
368131
368804
369477
370150
370823
371496
372169
372842
373515
374188
374861
375534
376207
376880
377553
378226
378899
379572
380245
380918
381591
382264
382937
383610
384283
384956
385629
386302
386975
387648
388321
388994
389667
390340
391013
391686
392359
393032
393705
394378
395051
395724
396397
397070
397743
398416
399089
399762
400435
401108
401781
402454
403127
403800
404473
405146
405819
406492
407165
407838
408511
409184
409857
410530
411203
411876
412549
413222
413895
414568
415241
415914
416587
417260
417933
418606
419279
419952
420625
421298
421971
422644
423317
423990
424663
425336
426009
426682
427355
428028
428701
429374
430047
430720
431393
432066
432739
433412
434085
434758
435431
436104
436777
437450
438123
438796
439469
440142
440815
441488
442161
442834
443507
444180
444853
445526
446199
446872
447545
448218
448891
449564
450237
450910
451583
452256
452929
453602
454275
454948
455621
456294
456967
457640
458313
458986
459659
460332
461005
461678
462351
463024
463697
464370
465043
465716
466389
467062
467735
468408
469081
469754
470427
471100
471773
472446
473119
473792
474465
475138
475811
476484
477157
477830
478503
479176
479849
480522
481195
481868
482541
483214
483887
484560
485233
485906
486579
487252
487925
488598
489271
489944
490617
491290
491963
492636
493309
493982
494655
495328
496001
496674
497347
498020
498693
499366
500039
500712
501385
502058
502731
503404
504077
504750
505423
506096
506769
507442
508115
508788
509461
510134
510807
511480
512153
512826
513499
514172
514845
515518
516191
516864
517537
518210
518883
519556
520229
520902
521575
522248
522921
523594
524267
524940
525613
526286
526959
527632
528305
528978
529651
530324
530997
531670
532343
533016
533689
534362
535035
535708
536381
537054
537727
538400
539073
539746
540419
541092
541765
542438
543111
543784
544457
545130
545803
546476
547149
547822
548495
549168
549841
550514
551187
551860
552533
553206
553879
554552
555225
555898
556571
557244
557917
558590
559263
559936
560609
561282
561955
562628
563301
563974
564647
565320
565993
566666
567339
568012
568685
569358
570031
570704
571377
572050
572723
573396
574069
574742
575415
576088
576761
577434
578107
578780
579453
580126
580799
581472
582145
582818
583491
584164
584837
585510
586183
586856
587529
588202
588875
589548
590221
590894
591567
592240
592913
593586
594259
594932
595605
596278
596951
597624
598297
598970
599643
600316
600989
601662
602335
603008
603681
604354
605027
605700
606373
607046
607719
608392
609065
609738
610411
611084
611757
612430
613103
613776
614449
615122
615795
616468
617141
617814
618487
619160
619833
620506
621179
621852
622525
623198
623871
624544
625217
625890
626563
627236
627909
628582
629255
629928
630601
631274
631947
632620
633293
633966
634639
635312
635985
636658
637331
638004
638677
639350
640023
640696
641369
642042
642715
643388
644061
644734
645407
646080
646753
647426
648099
648772
649445
650118
650791
651464
652137
652810
653483
654156
654829
655502
656175
656848
657521
658194
658867
659540
660213
660886
661559
662232
662905
663578
664251
664924
665597
666270
666943
667616
668289
668962
669635
670308
670981
671654
672327
Execution time: 0.000957 seconds
