1
1 0
1000000000

1
1 1
-1000000000000000000

1
1 2
-1000000000000000000

1
1 3
-1000000000000000000

1
1 4
-1000000000000000000

1
2 0
-1000000000000000000

1
2 1
500000000

1
2 2
-1000000000000000000

1
2 3
-1000000000000000000

1
2 4
-1000000000000000000

2
3 0
1500000000

2
3 1
1500000000

2
3 2
-1000000000000000000

2
3 3
-1000000000000000000

2
3 4
-1000000000000000000

1
4 0
-1000000000000000000

1
4 1
-1000000000000000000

1
4 2
1

1
4 3
-1000000000000000000

1
4 4
-1000000000000000000

2
5 0
1000000001

2
5 1
-1000000000000000000

2
5 2
1000000001

2
5 3
-1000000000000000000

2
5 4
-1000000000000000000

2
6 0
-1000000000000000000

2
6 1
500000001

2
6 2
500000001

2
6 3
-1000000000000000000

2
6 4
-1000000000000000000

3
7 0
1500000001

3
7 1
1500000001

3
7 2
1500000001

3
7 3
-1000000000000000000

3
7 4
-1000000000000000000

1
8 0
-1000000000000000000

1
8 1
-1000000000000000000

1
8 2
-1000000000000000000

1
8 3
1000000000

1
8 4
-1000000000000000000

2
9 0
2000000000

2
9 1
-1000000000000000000

2
9 2
-1000000000000000000

2
9 3
2000000000

2
9 4
-1000000000000000000

2
10 0
-1000000000000000000

2
10 1
1500000000

2
10 2
-1000000000000000000

2
10 3
1500000000

2
10 4
-1000000000000000000

3
11 0
2500000000

3
11 1
2500000000

3
11 2
-1000000000000000000

3
11 3
2500000000

3
11 4
-1000000000000000000

2
12 0
-1000000000000000000

2
12 1
-1000000000000000000

2
12 2
1000000001

2
12 3
1000000001

2
12 4
-1000000000000000000

3
13 0
2000000001

3
13 1
-1000000000000000000

3
13 2
2000000001

3
13 3
2000000001

3
13 4
-1000000000000000000

3
14 0
-1000000000000000000

3
14 1
1500000001

3
14 2
1500000001

3
14 3
1500000001

3
14 4
-1000000000000000000

4
15 0
2500000001

4
15 1
2500000001

4
15 2
2500000001

4
15 3
2500000001

4
15 4
-1000000000000000000

1
16 0
-1000000000000000000

1
16 1
-1000000000000000000

1
16 2
-1000000000000000000

1
16 3
-1000000000000000000

1
16 4
1000000000

2
17 0
2000000000

2
17 1
-1000000000000000000

2
17 2
-1000000000000000000

2
17 3
-1000000000000000000

2
17 4
2000000000

2
18 0
-1000000000000000000

2
18 1
1500000000

2
18 2
-1000000000000000000

2
18 3
-1000000000000000000

2
18 4
1500000000

3
19 0
2500000000

3
19 1
2500000000

3
19 2
-1000000000000000000

3
19 3
-1000000000000000000

3
19 4
2500000000

2
20 0
-1000000000000000000

2
20 1
-1000000000000000000

2
20 2
1000000001

2
20 3
-1000000000000000000

2
20 4
1700000001

3
21 0
2700000001

3
21 1
-1000000000000000000

3
21 2
2000000001

3
21 3
-1000000000000000000

3
21 4
2700000001

3
22 0
-1000000000000000000

3
22 1
2200000001

3
22 2
1500000001

3
22 3
-1000000000000000000

3
22 4
2200000001

4
23 0
3200000001

4
23 1
3200000001

4
23 2
2500000001

4
23 3
-1000000000000000000

4
23 4
3200000001

2
24 0
-1000000000000000000

2
24 1
-1000000000000000000

2
24 2
-1000000000000000000

2
24 3
2000000000

2
24 4
2000000000

3
25 0
3000000000

3
25 1
-1000000000000000000

3
25 2
-1000000000000000000

3
25 3
3000000000

3
25 4
3000000000

3
26 0
-1000000000000000000

3
26 1
2500000000

3
26 2
-1000000000000000000

3
26 3
2500000000

3
26 4
2500000000

4
27 0
3500000000

4
27 1
3500000000

4
27 2
-1000000000000000000

4
27 3
3500000000

4
27 4
3500000000

3
28 0
-1000000000000000000

3
28 1
-1000000000000000000

3
28 2
2000000001

3
28 3
2700000001

3
28 4
2700000001

4
29 0
3700000001

4
29 1
-1000000000000000000

4
29 2
3000000001

4
29 3
3700000001

4
29 4
3700000001

4
30 0
-1000000000000000000

4
30 1
3200000001

4
30 2
2500000001

4
30 3
3200000001

4
30 4
3200000001

5
31 0
4200000001

5
31 1
4200000001

5
31 2
3500000001

5
31 3
4200000001

5
31 4
4200000001

3700000001
