d e i l m r 
1 0 0 0 0 0 
1

0 1 0 0 0 0 
2

1 1 0 0 0 0 
2

0 0 1 0 0 0 
1

1 0 1 0 0 0 
1

0 1 1 0 0 0 
2

1 1 1 0 0 0 
2

0 0 0 1 0 0 
1

1 0 0 1 0 0 
1

0 1 0 1 0 0 
2

1 1 0 1 0 0 
2

0 0 1 1 0 0 
1

1 0 1 1 0 0 
1

0 1 1 1 0 0 
2

1 1 1 1 0 0 
2

0 0 0 0 1 0 
1

1 0 0 0 1 0 
1

0 1 0 0 1 0 
2

1 1 0 0 1 0 
2

0 0 1 0 1 0 
1

1 0 1 0 1 0 
1

0 1 1 0 1 0 
2

1 1 1 0 1 0 
2

0 0 0 1 1 0 
1

1 0 0 1 1 0 
1

0 1 0 1 1 0 
2

1 1 0 1 1 0 
2

0 0 1 1 1 0 
1

1 0 1 1 1 0 
1

0 1 1 1 1 0 
2

1 1 1 1 1 0 
2

0 0 0 0 0 1 
1

1 0 0 0 0 1 
1

0 1 0 0 0 1 
2

1 1 0 0 0 1 
3

0 0 1 0 0 1 
1

1 0 1 0 0 1 
1

0 1 1 0 0 1 
2

1 1 1 0 0 1 
3

0 0 0 1 0 1 
1

1 0 0 1 0 1 
1

0 1 0 1 0 1 
2

1 1 0 1 0 1 
3

0 0 1 1 0 1 
1

1 0 1 1 0 1 
1

0 1 1 1 0 1 
2

1 1 1 1 0 1 
3

0 0 0 0 1 1 
1

1 0 0 0 1 1 
1

0 1 0 0 1 1 
2

1 1 0 0 1 1 
3

0 0 1 0 1 1 
1

1 0 1 0 1 1 
1

0 1 1 0 1 1 
2

1 1 1 0 1 1 
3

0 0 0 1 1 1 
1

1 0 0 1 1 1 
1

0 1 0 1 1 1 
2

1 1 0 1 1 1 
3

0 0 1 1 1 1 
1

1 0 1 1 1 1 
1

0 1 1 1 1 1 
2

1 1 1 1 1 1 
3

3
  a b c d e f g h i j k l m n o p q r s t 
a 0 0 0 0 0 0 0 0 0 0 0 0 0 0 0 0 0 0 0 0 
b 0 0 0 0 0 0 0 0 0 0 0 0 0 0 0 0 0 0 0 0 
c 0 0 0 0 0 0 0 0 0 0 0 0 0 0 0 0 0 0 0 0 
d 0 0 0 0 0 0 0 0 0 0 0 0 0 0 0 0 0 2 0 0 
e 0 0 0 1 1 0 0 0 0 0 0 0 0 0 0 0 0 0 0 0 
f 0 0 0 0 0 0 0 0 0 0 0 0 0 0 0 0 0 0 0 0 
g 0 0 0 0 0 0 0 0 0 0 0 0 0 0 0 0 0 0 0 0 
h 0 0 0 0 0 0 0 0 0 0 0 0 0 0 0 0 0 0 0 0 
i 0 0 0 0 0 0 0 0 0 0 0 1 0 0 0 0 0 0 0 0 
j 0 0 0 0 0 0 0 0 0 0 0 0 0 0 0 0 0 0 0 0 
k 0 0 0 0 0 0 0 0 0 0 0 0 0 0 0 0 0 0 0 0 
l 0 0 0 1 0 0 0 0 0 0 0 0 0 0 0 0 0 0 0 0 
m 0 0 0 0 0 0 0 0 1 0 0 0 0 0 0 0 0 0 0 0 
n 0 0 0 0 0 0 0 0 0 0 0 0 0 0 0 0 0 0 0 0 
o 0 0 0 0 0 0 0 0 0 0 0 0 0 0 0 0 0 0 0 0 
p 0 0 0 0 0 0 0 0 0 0 0 0 0 0 0 0 0 0 0 0 
q 0 0 0 0 0 0 0 0 0 0 0 0 0 0 0 0 0 0 0 0 
r 0 0 0 0 2 0 0 0 0 0 0 0 0 0 0 0 0 0 0 0 
s 0 0 0 0 0 0 0 0 0 0 0 0 0 0 0 0 0 0 0 0 
t 0 0 0 0 0 0 0 0 0 0 0 0 0 0 0 0 0 0 0 0 
Execution time: 0.003180 seconds
