2 7
7 12
7 2
10 11
11 12
11 10
12 17
12 13
12 7
12 11
13 14
13 12
14 13
17 22
17 12
22 17
0 0 -1
1 0 -1
2 0 -1
7 1 2
12 2 7
17 3 12
22 4 17
13 3 12
14 4 13
11 3 12
10 4 11
3 0 -1
4 0 -1
5 0 -1
6 0 -1
8 0 -1
9 0 -1
15 0 -1
16 0 -1
18 0 -1
19 0 -1
20 0 -1
21 0 -1
23 0 -1
24 0 -1
0: 
1: 
2: 3 
3: 2 8 
4: 5 
5: 4 8 
6: 7 
7: 6 8 
8: 3 5 7 9 
9: 8 10 
10: 9 
11: 
12: 
13: 
14: 
15: 
16: 
17: 
18: 
19: 
20: 
21: 
22: 
23: 
24: 
0
1
2
3
8
5
4
7
6
9
10
11
12
13
14
15
16
17
18
19
20
21
22
23
24
6 7 8
NO
6 4 8
6 4
6 4
6 4
6 4
6 4
6 4
6 4
6 4
6 4
6 4
6 4
6 4
6 4
6 4
6 4
6 4
6 4
6 4
6 4
6 4
6 4
6 4
YES
6 10 8
6 10
6 10
6 10
6 10
6 10
6 10
6 10
6 10
6 10
6 10
6 10
6 10
6 10
6 10
6 10
6 10
6 10
6 10
6 10
6 10
6 10
6 10
YES
6 2 8
YES
